<?xml version="1.0" encoding="UTF-8"?>
<!-- Generated by org.testng.reporters.JUnitReportReporter -->
<testsuite hostname="DESKTOP-VPJRIR3" name="test.code.AllTests" tests="21" failures="0" timestamp="18 Apr 2016 15:43:49 GMT" time="2.163" errors="0">
  <testcase name="test15" time="0.073" classname="test.code.AllTests"/>
  <testcase name="test05err" time="0.001" classname="test.code.AllTests"/>
  <testcase name="test06" time="0.022" classname="test.code.AllTests"/>
  <testcase name="test10" time="0.051" classname="test.code.AllTests"/>
  <testcase name="test01" time="1.274" classname="test.code.AllTests"/>
  <testcase name="test07" time="0.045" classname="test.code.AllTests"/>
  <testcase name="test03" time="0.069" classname="test.code.AllTests"/>
  <testcase name="test16" time="0.117" classname="test.code.AllTests"/>
  <testcase name="test17" time="0.042" classname="test.code.AllTests"/>
  <testcase name="test03err" time="0.002" classname="test.code.AllTests"/>
  <testcase name="test14" time="0.086" classname="test.code.AllTests"/>
  <testcase name="test08" time="0.043" classname="test.code.AllTests"/>
  <testcase name="test13" time="0.007" classname="test.code.AllTests"/>
  <testcase name="test11" time="0.020" classname="test.code.AllTests"/>
  <testcase name="test04" time="0.120" classname="test.code.AllTests"/>
  <testcase name="test09" time="0.035" classname="test.code.AllTests"/>
  <testcase name="test02err" time="0.001" classname="test.code.AllTests"/>
  <testcase name="test05" time="0.045" classname="test.code.AllTests"/>
  <testcase name="test12" time="0.019" classname="test.code.AllTests"/>
  <testcase name="test02" time="0.089" classname="test.code.AllTests"/>
  <testcase name="test01err" time="0.002" classname="test.code.AllTests"/>
</testsuite> <!-- test.code.AllTests -->
